<?xml version="1.0" encoding="UTF-8"?>
<robot generator="Robot 7.2.2 (Python 3.11.2 on linux)" generated="2025-03-25T14:18:08.216725" rpa="false" schemaversion="5">
<suite id="s1" name="Test Temp" source="/home/achour/Documents/robotframework/tests/test_temp.robot">
<test id="s1-t1" name="Case 1" line="15">
<kw name="Open Browser" owner="SeleniumLibrary" type="SETUP">
<msg time="2025-03-25T14:18:09.739726" level="INFO">Opening browser 'chrome' to base url 'https://www.saucedemo.com/'.</msg>
<arg>${url}</arg>
<arg>${browser}</arg>
<doc>Opens a new browser instance to the optional ``url``.</doc>
<status status="PASS" start="2025-03-25T14:18:09.735976" elapsed="7.127976"/>
</kw>
<kw name="affichage">
<kw name="Login Avec Username Et Password" owner="test_temp">
<kw name="Saisir Username" owner="LoginPage">
<kw name="Input Text" owner="SeleniumLibrary">
<msg time="2025-03-25T14:18:16.980438" level="INFO">Typing text 'standard_user' into text field 'id:user-name'.</msg>
<arg>${usernameElement}</arg>
<arg>${username}</arg>
<doc>Types the given ``text`` into the text field identified by ``locator``.</doc>
<status status="PASS" start="2025-03-25T14:18:16.975306" elapsed="1.763860"/>
</kw>
<arg>${username}</arg>
<status status="PASS" start="2025-03-25T14:18:16.961564" elapsed="1.781404"/>
</kw>
<kw name="Saisir Password" owner="LoginPage">
<kw name="Input Password" owner="SeleniumLibrary">
<msg time="2025-03-25T14:18:18.774211" level="INFO">Typing password into text field 'id:password'.</msg>
<msg time="2025-03-25T14:18:19.158097" level="INFO">Temporally setting log level to: NONE</msg>
<arg>${passwordElement}</arg>
<arg>${password}</arg>
<doc>Types the given password into the text field identified by ``locator``.</doc>
<status status="PASS" start="2025-03-25T14:18:18.769518" elapsed="0.799682"/>
</kw>
<arg>${password}</arg>
<status status="PASS" start="2025-03-25T14:18:18.758947" elapsed="0.812315"/>
</kw>
<kw name="Cliquer Sur Le Bouton Login" owner="LoginPage">
<kw name="Click Button" owner="SeleniumLibrary">
<msg time="2025-03-25T14:18:19.580363" level="INFO">Clicking button 'id:login-button'.</msg>
<arg>${loginButtonElement}</arg>
<doc>Clicks the button identified by ``locator``.</doc>
<status status="PASS" start="2025-03-25T14:18:19.577709" elapsed="1.108641"/>
</kw>
<status status="PASS" start="2025-03-25T14:18:19.573720" elapsed="1.114616"/>
</kw>
<if>
<branch type="IF" condition="&quot;${resultat}&quot;== &quot;ok&quot;">
<kw name="Get Page Title" owner="LoginPage">
<kw name="Get Text" owner="SeleniumLibrary">
<msg time="2025-03-25T14:18:20.931842" level="INFO">${res} = Products</msg>
<var>${res}</var>
<arg>${pageTitleElement}</arg>
<doc>Returns the text value of the element identified by ``locator``.</doc>
<status status="PASS" start="2025-03-25T14:18:20.698185" elapsed="0.235454"/>
</kw>
<return>
<value>${res}</value>
<status status="PASS" start="2025-03-25T14:18:20.935580" elapsed="0.001397"/>
</return>
<msg time="2025-03-25T14:18:20.940181" level="INFO">${text} = Products</msg>
<var>${text}</var>
<status status="PASS" start="2025-03-25T14:18:20.694285" elapsed="0.251699"/>
</kw>
<kw name="Should Be Equal As Strings" owner="BuiltIn">
<arg>${text}</arg>
<arg>Products</arg>
<doc>Fails if objects are unequal after converting them to strings.</doc>
<status status="PASS" start="2025-03-25T14:18:20.948410" elapsed="0.006703"/>
</kw>
<status status="PASS" start="2025-03-25T14:18:20.690292" elapsed="0.272751"/>
</branch>
<branch type="ELSE">
<kw name="Get Error Message" owner="LoginPage">
<var>${res}</var>
<status status="NOT RUN" start="2025-03-25T14:18:20.969376" elapsed="0.001328"/>
</kw>
<kw name="Element Should Be Visible" owner="SeleniumLibrary">
<arg>${res}</arg>
<doc>Verifies that the element identified by ``locator`` is visible.</doc>
<status status="NOT RUN" start="2025-03-25T14:18:20.972976" elapsed="0.003074"/>
</kw>
<status status="NOT RUN" start="2025-03-25T14:18:20.966609" elapsed="0.010795"/>
</branch>
<status status="PASS" start="2025-03-25T14:18:20.689925" elapsed="0.288650"/>
</if>
<arg>${username}</arg>
<arg>${password}</arg>
<arg>${resultat}</arg>
<status status="PASS" start="2025-03-25T14:18:16.934415" elapsed="4.044971"/>
</kw>
<arg>username=standard_user</arg>
<arg>password=secret_sauce</arg>
<arg>resultat=ok</arg>
<status status="PASS" start="2025-03-25T14:18:16.889190" elapsed="4.092381"/>
</kw>
<kw name="Close All Browsers" owner="SeleniumLibrary" type="TEARDOWN">
<doc>Closes all open browsers and resets the browser cache.</doc>
<status status="PASS" start="2025-03-25T14:18:20.987786" elapsed="0.294257"/>
</kw>
<status status="PASS" start="2025-03-25T14:18:09.718025" elapsed="11.568009"/>
</test>
<test id="s1-t2" name="Case 2" line="15">
<kw name="Open Browser" owner="SeleniumLibrary" type="SETUP">
<msg time="2025-03-25T14:18:21.312197" level="INFO">Opening browser 'chrome' to base url 'https://www.saucedemo.com/'.</msg>
<arg>${url}</arg>
<arg>${browser}</arg>
<doc>Opens a new browser instance to the optional ``url``.</doc>
<status status="PASS" start="2025-03-25T14:18:21.308626" elapsed="8.089185"/>
</kw>
<kw name="affichage">
<kw name="Login Avec Username Et Password" owner="test_temp">
<kw name="Saisir Username" owner="LoginPage">
<kw name="Input Text" owner="SeleniumLibrary">
<msg time="2025-03-25T14:18:29.452265" level="INFO">Typing text 'Sstandar' into text field 'id:user-name'.</msg>
<arg>${usernameElement}</arg>
<arg>${username}</arg>
<doc>Types the given ``text`` into the text field identified by ``locator``.</doc>
<status status="PASS" start="2025-03-25T14:18:29.441031" elapsed="1.574394"/>
</kw>
<arg>${username}</arg>
<status status="PASS" start="2025-03-25T14:18:29.436287" elapsed="1.581155"/>
</kw>
<kw name="Saisir Password" owner="LoginPage">
<kw name="Input Password" owner="SeleniumLibrary">
<msg time="2025-03-25T14:18:31.043332" level="INFO">Typing password into text field 'id:password'.</msg>
<msg time="2025-03-25T14:18:31.485054" level="INFO">Temporally setting log level to: NONE</msg>
<arg>${passwordElement}</arg>
<arg>${password}</arg>
<doc>Types the given password into the text field identified by ``locator``.</doc>
<status status="PASS" start="2025-03-25T14:18:31.031182" elapsed="1.029382"/>
</kw>
<arg>${password}</arg>
<status status="PASS" start="2025-03-25T14:18:31.026390" elapsed="1.036213"/>
</kw>
<kw name="Cliquer Sur Le Bouton Login" owner="LoginPage">
<kw name="Click Button" owner="SeleniumLibrary">
<msg time="2025-03-25T14:18:32.076033" level="INFO">Clicking button 'id:login-button'.</msg>
<arg>${loginButtonElement}</arg>
<doc>Clicks the button identified by ``locator``.</doc>
<status status="PASS" start="2025-03-25T14:18:32.071669" elapsed="1.069279"/>
</kw>
<status status="PASS" start="2025-03-25T14:18:32.065357" elapsed="1.077533"/>
</kw>
<if>
<branch type="IF" condition="&quot;${resultat}&quot;== &quot;ok&quot;">
<kw name="Get Page Title" owner="LoginPage">
<var>${text}</var>
<status status="NOT RUN" start="2025-03-25T14:18:33.152757" elapsed="0.001481"/>
</kw>
<kw name="Should Be Equal As Strings" owner="BuiltIn">
<arg>${text}</arg>
<arg>Products</arg>
<doc>Fails if objects are unequal after converting them to strings.</doc>
<status status="NOT RUN" start="2025-03-25T14:18:33.156282" elapsed="0.001350"/>
</kw>
<status status="NOT RUN" start="2025-03-25T14:18:33.144773" elapsed="0.020731"/>
</branch>
<branch type="ELSE">
<kw name="Get Error Message" owner="LoginPage">
<return>
<value>${errorElement}</value>
<status status="PASS" start="2025-03-25T14:18:33.188086" elapsed="0.001319"/>
</return>
<msg time="2025-03-25T14:18:33.203120" level="INFO">${res} = css:.error-button</msg>
<var>${res}</var>
<status status="PASS" start="2025-03-25T14:18:33.183449" elapsed="0.021885"/>
</kw>
<kw name="Element Should Be Visible" owner="SeleniumLibrary">
<msg time="2025-03-25T14:18:33.454867" level="INFO">Element 'css:.error-button' is displayed.</msg>
<arg>${res}</arg>
<doc>Verifies that the element identified by ``locator`` is visible.</doc>
<status status="PASS" start="2025-03-25T14:18:33.209088" elapsed="0.248246"/>
</kw>
<status status="PASS" start="2025-03-25T14:18:33.167325" elapsed="0.298314"/>
</branch>
<status status="PASS" start="2025-03-25T14:18:33.144376" elapsed="0.326197"/>
</if>
<arg>${username}</arg>
<arg>${password}</arg>
<arg>${resultat}</arg>
<status status="PASS" start="2025-03-25T14:18:29.419951" elapsed="4.053145"/>
</kw>
<arg>username=Sstandar</arg>
<arg>password=secret_sauce</arg>
<arg>resultat=ko</arg>
<status status="PASS" start="2025-03-25T14:18:29.402017" elapsed="4.073778"/>
</kw>
<kw name="Close All Browsers" owner="SeleniumLibrary" type="TEARDOWN">
<doc>Closes all open browsers and resets the browser cache.</doc>
<status status="PASS" start="2025-03-25T14:18:33.482662" elapsed="0.244680"/>
</kw>
<status status="PASS" start="2025-03-25T14:18:21.292996" elapsed="12.440805"/>
</test>
<test id="s1-t3" name="Case 3" line="15">
<kw name="Open Browser" owner="SeleniumLibrary" type="SETUP">
<msg time="2025-03-25T14:18:33.770806" level="INFO">Opening browser 'chrome' to base url 'https://www.saucedemo.com/'.</msg>
<arg>${url}</arg>
<arg>${browser}</arg>
<doc>Opens a new browser instance to the optional ``url``.</doc>
<status status="PASS" start="2025-03-25T14:18:33.767103" elapsed="7.991030"/>
</kw>
<kw name="affichage">
<kw name="Login Avec Username Et Password" owner="test_temp">
<kw name="Saisir Username" owner="LoginPage">
<kw name="Input Text" owner="SeleniumLibrary">
<msg time="2025-03-25T14:18:41.795155" level="INFO">Typing text 'standard_user' into text field 'id:user-name'.</msg>
<arg>${usernameElement}</arg>
<arg>${username}</arg>
<doc>Types the given ``text`` into the text field identified by ``locator``.</doc>
<status status="PASS" start="2025-03-25T14:18:41.786388" elapsed="1.069499"/>
</kw>
<arg>${username}</arg>
<status status="PASS" start="2025-03-25T14:18:41.779733" elapsed="1.077666"/>
</kw>
<kw name="Saisir Password" owner="LoginPage">
<kw name="Input Password" owner="SeleniumLibrary">
<msg time="2025-03-25T14:18:42.872628" level="INFO">Typing password into text field 'id:password'.</msg>
<msg time="2025-03-25T14:18:43.234011" level="INFO">Temporally setting log level to: NONE</msg>
<arg>${passwordElement}</arg>
<arg>${password}</arg>
<doc>Types the given password into the text field identified by ``locator``.</doc>
<status status="PASS" start="2025-03-25T14:18:42.865279" elapsed="0.823868"/>
</kw>
<arg>${password}</arg>
<status status="PASS" start="2025-03-25T14:18:42.859893" elapsed="0.831715"/>
</kw>
<kw name="Cliquer Sur Le Bouton Login" owner="LoginPage">
<kw name="Click Button" owner="SeleniumLibrary">
<msg time="2025-03-25T14:18:43.701026" level="INFO">Clicking button 'id:login-button'.</msg>
<arg>${loginButtonElement}</arg>
<doc>Clicks the button identified by ``locator``.</doc>
<status status="PASS" start="2025-03-25T14:18:43.697352" elapsed="0.720453"/>
</kw>
<status status="PASS" start="2025-03-25T14:18:43.693324" elapsed="0.725866"/>
</kw>
<if>
<branch type="IF" condition="&quot;${resultat}&quot;== &quot;ok&quot;">
<kw name="Get Page Title" owner="LoginPage">
<var>${text}</var>
<status status="NOT RUN" start="2025-03-25T14:18:44.425362" elapsed="0.001405"/>
</kw>
<kw name="Should Be Equal As Strings" owner="BuiltIn">
<arg>${text}</arg>
<arg>Products</arg>
<doc>Fails if objects are unequal after converting them to strings.</doc>
<status status="NOT RUN" start="2025-03-25T14:18:44.430042" elapsed="0.003143"/>
</kw>
<status status="NOT RUN" start="2025-03-25T14:18:44.420416" elapsed="0.014270"/>
</branch>
<branch type="ELSE">
<kw name="Get Error Message" owner="LoginPage">
<return>
<value>${errorElement}</value>
<status status="PASS" start="2025-03-25T14:18:44.453095" elapsed="0.001988"/>
</return>
<msg time="2025-03-25T14:18:44.458510" level="INFO">${res} = css:.error-button</msg>
<var>${res}</var>
<status status="PASS" start="2025-03-25T14:18:44.447407" elapsed="0.013295"/>
</kw>
<kw name="Element Should Be Visible" owner="SeleniumLibrary">
<msg time="2025-03-25T14:18:44.714334" level="INFO">Element 'css:.error-button' is displayed.</msg>
<arg>${res}</arg>
<doc>Verifies that the element identified by ``locator`` is visible.</doc>
<status status="PASS" start="2025-03-25T14:18:44.475344" elapsed="0.240973"/>
</kw>
<status status="PASS" start="2025-03-25T14:18:44.442881" elapsed="0.274868"/>
</branch>
<status status="PASS" start="2025-03-25T14:18:44.420179" elapsed="0.298730"/>
</if>
<arg>${username}</arg>
<arg>${password}</arg>
<arg>${resultat}</arg>
<status status="PASS" start="2025-03-25T14:18:41.770913" elapsed="2.948578"/>
</kw>
<arg>username=standard_user</arg>
<arg>password=secret</arg>
<arg>resultat=ko</arg>
<status status="PASS" start="2025-03-25T14:18:41.762505" elapsed="2.960057"/>
</kw>
<kw name="Close All Browsers" owner="SeleniumLibrary" type="TEARDOWN">
<doc>Closes all open browsers and resets the browser cache.</doc>
<status status="PASS" start="2025-03-25T14:18:44.726876" elapsed="0.185207"/>
</kw>
<status status="PASS" start="2025-03-25T14:18:33.741395" elapsed="11.172627"/>
</test>
<doc>importer la lib selenium</doc>
<status status="PASS" start="2025-03-25T14:18:08.237359" elapsed="36.682684"/>
</suite>
<statistics>
<total>
<stat pass="3" fail="0" skip="0">All Tests</stat>
</total>
<tag>
</tag>
<suite>
<stat name="Test Temp" id="s1" pass="3" fail="0" skip="0">Test Temp</stat>
</suite>
</statistics>
<errors>
</errors>
</robot>
